<?xml version="1.0" encoding="UTF-8"?>
<!-- Generated by org.testng.reporters.JUnitReportReporter -->
<testsuite hostname="WINAPh5Un9jON7o" failures="0" tests="6" name="api.test.DDTestes" time="4.653" errors="0" timestamp="2023-10-09T15:15:35 BRT" skipped="0">
  <testcase classname="api.test.DDTestes" name="testePostUser" time="0.805"/>
  <system-out/>
  <testcase classname="api.test.DDTestes" name="testePostUser" time="0.778"/>
  <system-out/>
  <testcase classname="api.test.DDTestes" name="testePostUser" time="0.748"/>
  <system-out/>
  <testcase classname="api.test.DDTestes" name="testeDeleteUserPorNome" time="0.779"/>
  <system-out/>
  <testcase classname="api.test.DDTestes" name="testeDeleteUserPorNome" time="0.777"/>
  <system-out/>
  <testcase classname="api.test.DDTestes" name="testeDeleteUserPorNome" time="0.766"/>
  <system-out/>
</testsuite> <!-- api.test.DDTestes -->
