<?xml version="1.0" encoding="UTF-8"?>
<!-- Generated by org.testng.reporters.JUnitReportReporter -->
<testsuite hostname="WINAPh5Un9jON7o" failures="0" tests="4" name="api.test.UserTests" time="5.440" errors="0" timestamp="2023-10-09T15:15:35 BRT" skipped="0">
  <testcase classname="api.test.UserTests" name="testePostUser" time="2.312"/>
  <system-out/>
  <testcase classname="api.test.UserTests" name="testeGetUserPorNome" time="0.798"/>
  <system-out/>
  <testcase classname="api.test.UserTests" name="testeUpdateUserPorNome" time="1.540"/>
  <system-out/>
  <testcase classname="api.test.UserTests" name="testeDeletePorNome" time="0.790"/>
  <system-out/>
</testsuite> <!-- api.test.UserTests -->
