<?xml version="1.0" encoding="UTF-8"?>
<!-- Generated by org.testng.reporters.JUnitReportReporter -->
<testsuite hostname="WINAPh5Un9jON7o" failures="0" tests="4" name="api.test.UserTests2" time="7.043" errors="0" timestamp="2023-10-16T10:22:52 BRT" skipped="0">
  <testcase classname="api.test.UserTests2" name="testePostUser" time="3.696"/>
  <system-out/>
  <testcase classname="api.test.UserTests2" name="testeGetUserPorNome" time="0.826"/>
  <system-out/>
  <testcase classname="api.test.UserTests2" name="testeUpdateUserPorNome" time="1.726"/>
  <system-out/>
  <testcase classname="api.test.UserTests2" name="testeDeletePorNome" time="0.795"/>
  <system-out/>
</testsuite> <!-- api.test.UserTests2 -->
