<?xml version="1.0" encoding="UTF-8"?>
<!-- Generated by org.testng.reporters.JUnitReportReporter -->
<testsuite hostname="WINAPh5Un9jON7o" failures="0" tests="4" name="api.test.UserTests2" time="5.568" errors="0" timestamp="2023-10-16T08:46:07 BRT" skipped="0">
  <testcase classname="api.test.UserTests2" name="testePostUser" time="2.383"/>
  <system-out/>
  <testcase classname="api.test.UserTests2" name="testeGetUserPorNome" time="0.857"/>
  <system-out/>
  <testcase classname="api.test.UserTests2" name="testeUpdateUserPorNome" time="1.542"/>
  <system-out/>
  <testcase classname="api.test.UserTests2" name="testeDeletePorNome" time="0.786"/>
  <system-out/>
</testsuite> <!-- api.test.UserTests2 -->
