<?xml version="1.0" encoding="UTF-8"?>
<!-- Generated by org.testng.reporters.JUnitReportReporter -->
<testsuite hostname="WINAPh5Un9jON7o" failures="0" tests="4" name="api.test.UserTests2" time="5.596" errors="0" timestamp="2023-10-10T20:05:57 BRT" skipped="0">
  <testcase classname="api.test.UserTests2" name="testePostUser" time="2.548"/>
  <system-out/>
  <testcase classname="api.test.UserTests2" name="testeGetUserPorNome" time="0.768"/>
  <system-out/>
  <testcase classname="api.test.UserTests2" name="testeUpdateUserPorNome" time="1.534"/>
  <system-out/>
  <testcase classname="api.test.UserTests2" name="testeDeletePorNome" time="0.746"/>
  <system-out/>
</testsuite> <!-- api.test.UserTests2 -->
