<?xml version="1.0" encoding="UTF-8"?>
<!-- Generated by org.testng.reporters.JUnitReportReporter -->
<testsuite hostname="WINAPh5Un9jON7o" failures="0" tests="2" name="api.test.UserTests" time="3.224" errors="0" timestamp="2023-10-05T16:42:16 BRT" skipped="0">
  <testcase classname="api.test.UserTests" name="testePostUser" time="2.447"/>
  <system-out/>
  <testcase classname="api.test.UserTests" name="testeGetUserPorNome" time="0.777"/>
  <system-out/>
</testsuite> <!-- api.test.UserTests -->
